<?xml version="1.0" encoding="UTF-8"?>
<!-- Generated by org.testng.reporters.JUnitXMLReporter -->
<testsuite ignored="0" hostname="PriyeshLaptop" failures="0" tests="3" name="Default test" time="67.737" errors="0" timestamp="2021-04-02T17:27:12 IST">
  <testcase classname="com.crm.qa.testcases.ContactsPageTest" name="verifyContactPageLabel" time="0.057"/>
  <testcase classname="com.crm.qa.testcases.ContactsPageTest" name="selectContactsText" time="3.004"/>
  <testcase classname="com.crm.qa.testcases.ContactsPageTest" name="validateCreateNewContact" time="0.0">
    <skipped/>
  </testcase> <!-- validateCreateNewContact -->
</testsuite> <!-- Default test -->
